<?xml version="1.0" encoding="UTF-8"?>
<!-- Generated by org.testng.reporters.JUnitReportReporter -->
<testsuite hostname="PARITOSHs-MacBook-Air.local" failures="0" tests="4" name="tests.loginTest" time="35.395" errors="0" timestamp="2021-08-07T10:11:15 GMT-04:00" skipped="0">
  <testcase classname="tests.loginTest" name="loginWithEmptyPassword" time="8.389"/>
  <system-out/>
  <testcase classname="tests.loginTest" name="loginWithEmptyEmail" time="8.199"/>
  <system-out/>
  <testcase classname="tests.loginTest" name="loginWithInvalidEmailAndPassword" time="8.572"/>
  <system-out/>
  <testcase classname="tests.loginTest" name="loginWithWrongEmailAndPassword" time="10.235"/>
  <system-out/>
</testsuite> <!-- tests.loginTest -->
